11:46:02,137 ERROR main NoteBookController:doCommand:27 - NoteBookController - doCommand error
com.epam.nb.logic.LogicException: com.epam.nb.dao.DaoException: findAllNotesCommand XML error
	at com.epam.nb.logic.impl.FindAllNotesCommand.execute(FindAllNotesCommand.java:24)
	at com.epam.nb.controller.NoteBookController.doCommand(NoteBookController.java:21)
	at com.epam.nb.view.Main.main(Main.java:45)
Caused by: com.epam.nb.dao.DaoException: findAllNotesCommand XML error
	at com.epam.nb.dao.impl.xml.XMLNoteBookDao.findAllNotesCommand(XMLNoteBookDao.java:30)
	at com.epam.nb.logic.impl.FindAllNotesCommand.execute(FindAllNotesCommand.java:21)
	... 2 more
Caused by: java.net.UnknownHostException: src
	at java.net.AbstractPlainSocketImpl.connect(Unknown Source)
	at java.net.PlainSocketImpl.connect(Unknown Source)
	at java.net.Socket.connect(Unknown Source)
	at java.net.Socket.connect(Unknown Source)
	at sun.net.ftp.impl.FtpClient.doConnect(Unknown Source)
	at sun.net.ftp.impl.FtpClient.tryConnect(Unknown Source)
	at sun.net.ftp.impl.FtpClient.connect(Unknown Source)
	at sun.net.ftp.impl.FtpClient.connect(Unknown Source)
	at sun.net.www.protocol.ftp.FtpURLConnection.connect(Unknown Source)
	at sun.net.www.protocol.ftp.FtpURLConnection.getInputStream(Unknown Source)
	at com.sun.org.apache.xerces.internal.impl.XMLEntityManager.setupCurrentEntity(Unknown Source)
	at com.sun.org.apache.xerces.internal.impl.XMLVersionDetector.determineDocVersion(Unknown Source)
	at com.sun.org.apache.xerces.internal.parsers.XML11Configuration.parse(Unknown Source)
	at com.sun.org.apache.xerces.internal.parsers.XML11Configuration.parse(Unknown Source)
	at com.sun.org.apache.xerces.internal.parsers.XMLParser.parse(Unknown Source)
	at com.sun.org.apache.xerces.internal.parsers.AbstractSAXParser.parse(Unknown Source)
	at com.epam.nb.dao.impl.xml.XMLNoteBookDao.findAllNotesCommand(XMLNoteBookDao.java:25)
	... 3 more
11:47:05,995 ERROR main NoteBookController:doCommand:27 - NoteBookController - doCommand error
com.epam.nb.logic.LogicException: com.epam.nb.dao.DaoException: findAllNotesCommand XML error
	at com.epam.nb.logic.impl.FindAllNotesCommand.execute(FindAllNotesCommand.java:24)
	at com.epam.nb.controller.NoteBookController.doCommand(NoteBookController.java:21)
	at com.epam.nb.view.Main.main(Main.java:45)
Caused by: com.epam.nb.dao.DaoException: findAllNotesCommand XML error
	at com.epam.nb.dao.impl.xml.XMLNoteBookDao.findAllNotesCommand(XMLNoteBookDao.java:30)
	at com.epam.nb.logic.impl.FindAllNotesCommand.execute(FindAllNotesCommand.java:21)
	... 2 more
Caused by: java.io.FileNotFoundException: \src\com\epam\nb\dao\impl\xml\NoteBook.xml (The system cannot find the path specified)
	at java.io.FileInputStream.open0(Native Method)
	at java.io.FileInputStream.open(Unknown Source)
	at java.io.FileInputStream.<init>(Unknown Source)
	at java.io.FileInputStream.<init>(Unknown Source)
	at sun.net.www.protocol.file.FileURLConnection.connect(Unknown Source)
	at sun.net.www.protocol.file.FileURLConnection.getInputStream(Unknown Source)
	at com.sun.org.apache.xerces.internal.impl.XMLEntityManager.setupCurrentEntity(Unknown Source)
	at com.sun.org.apache.xerces.internal.impl.XMLVersionDetector.determineDocVersion(Unknown Source)
	at com.sun.org.apache.xerces.internal.parsers.XML11Configuration.parse(Unknown Source)
	at com.sun.org.apache.xerces.internal.parsers.XML11Configuration.parse(Unknown Source)
	at com.sun.org.apache.xerces.internal.parsers.XMLParser.parse(Unknown Source)
	at com.sun.org.apache.xerces.internal.parsers.AbstractSAXParser.parse(Unknown Source)
	at com.epam.nb.dao.impl.xml.XMLNoteBookDao.findAllNotesCommand(XMLNoteBookDao.java:25)
	... 3 more
11:51:51,928 ERROR main NoteBookController:doCommand:27 - NoteBookController - doCommand error
com.epam.nb.logic.LogicException: com.epam.nb.dao.DaoException: findAllNotesCommand XML error
	at com.epam.nb.logic.impl.FindAllNotesCommand.execute(FindAllNotesCommand.java:24)
	at com.epam.nb.controller.NoteBookController.doCommand(NoteBookController.java:21)
	at com.epam.nb.view.Main.main(Main.java:45)
Caused by: com.epam.nb.dao.DaoException: findAllNotesCommand XML error
	at com.epam.nb.dao.impl.xml.XMLNoteBookDao.findAllNotesCommand(XMLNoteBookDao.java:30)
	at com.epam.nb.logic.impl.FindAllNotesCommand.execute(FindAllNotesCommand.java:21)
	... 2 more
Caused by: java.io.FileNotFoundException: C:\Tumashchick\Java\MyProjects\JavaTraining\Training7\NoteBookTumashchick\src\NoteBook.xml (The system cannot find the file specified)
	at java.io.FileInputStream.open0(Native Method)
	at java.io.FileInputStream.open(Unknown Source)
	at java.io.FileInputStream.<init>(Unknown Source)
	at java.io.FileInputStream.<init>(Unknown Source)
	at sun.net.www.protocol.file.FileURLConnection.connect(Unknown Source)
	at sun.net.www.protocol.file.FileURLConnection.getInputStream(Unknown Source)
	at com.sun.org.apache.xerces.internal.impl.XMLEntityManager.setupCurrentEntity(Unknown Source)
	at com.sun.org.apache.xerces.internal.impl.XMLVersionDetector.determineDocVersion(Unknown Source)
	at com.sun.org.apache.xerces.internal.parsers.XML11Configuration.parse(Unknown Source)
	at com.sun.org.apache.xerces.internal.parsers.XML11Configuration.parse(Unknown Source)
	at com.sun.org.apache.xerces.internal.parsers.XMLParser.parse(Unknown Source)
	at com.sun.org.apache.xerces.internal.parsers.AbstractSAXParser.parse(Unknown Source)
	at com.epam.nb.dao.impl.xml.XMLNoteBookDao.findAllNotesCommand(XMLNoteBookDao.java:25)
	... 3 more
11:52:55,944 ERROR main NoteBookController:doCommand:27 - NoteBookController - doCommand error
com.epam.nb.logic.LogicException: com.epam.nb.dao.DaoException: findAllNotesCommand XML error
	at com.epam.nb.logic.impl.FindAllNotesCommand.execute(FindAllNotesCommand.java:24)
	at com.epam.nb.controller.NoteBookController.doCommand(NoteBookController.java:21)
	at com.epam.nb.view.Main.main(Main.java:45)
Caused by: com.epam.nb.dao.DaoException: findAllNotesCommand XML error
	at com.epam.nb.dao.impl.xml.XMLNoteBookDao.findAllNotesCommand(XMLNoteBookDao.java:30)
	at com.epam.nb.logic.impl.FindAllNotesCommand.execute(FindAllNotesCommand.java:21)
	... 2 more
Caused by: java.io.FileNotFoundException: C:\Tumashchick\Java\MyProjects\JavaTraining\Training7\NoteBookTumashchick\src\NoteBook.xml (The system cannot find the file specified)
	at java.io.FileInputStream.open0(Native Method)
	at java.io.FileInputStream.open(Unknown Source)
	at java.io.FileInputStream.<init>(Unknown Source)
	at java.io.FileInputStream.<init>(Unknown Source)
	at sun.net.www.protocol.file.FileURLConnection.connect(Unknown Source)
	at sun.net.www.protocol.file.FileURLConnection.getInputStream(Unknown Source)
	at com.sun.org.apache.xerces.internal.impl.XMLEntityManager.setupCurrentEntity(Unknown Source)
	at com.sun.org.apache.xerces.internal.impl.XMLVersionDetector.determineDocVersion(Unknown Source)
	at com.sun.org.apache.xerces.internal.parsers.XML11Configuration.parse(Unknown Source)
	at com.sun.org.apache.xerces.internal.parsers.XML11Configuration.parse(Unknown Source)
	at com.sun.org.apache.xerces.internal.parsers.XMLParser.parse(Unknown Source)
	at com.sun.org.apache.xerces.internal.parsers.AbstractSAXParser.parse(Unknown Source)
	at com.epam.nb.dao.impl.xml.XMLNoteBookDao.findAllNotesCommand(XMLNoteBookDao.java:25)
	... 3 more
11:56:56,050 ERROR main NoteBookController:doCommand:27 - NoteBookController - doCommand error
com.epam.nb.logic.LogicException: com.epam.nb.dao.DaoException: findAllNotesCommand XML error
	at com.epam.nb.logic.impl.FindAllNotesCommand.execute(FindAllNotesCommand.java:24)
	at com.epam.nb.controller.NoteBookController.doCommand(NoteBookController.java:21)
	at com.epam.nb.view.Main.main(Main.java:45)
Caused by: com.epam.nb.dao.DaoException: findAllNotesCommand XML error
	at com.epam.nb.dao.impl.xml.XMLNoteBookDao.findAllNotesCommand(XMLNoteBookDao.java:30)
	at com.epam.nb.logic.impl.FindAllNotesCommand.execute(FindAllNotesCommand.java:21)
	... 2 more
Caused by: java.net.UnknownHostException: src
	at java.net.AbstractPlainSocketImpl.connect(Unknown Source)
	at java.net.PlainSocketImpl.connect(Unknown Source)
	at java.net.Socket.connect(Unknown Source)
	at java.net.Socket.connect(Unknown Source)
	at sun.net.ftp.impl.FtpClient.doConnect(Unknown Source)
	at sun.net.ftp.impl.FtpClient.tryConnect(Unknown Source)
	at sun.net.ftp.impl.FtpClient.connect(Unknown Source)
	at sun.net.ftp.impl.FtpClient.connect(Unknown Source)
	at sun.net.www.protocol.ftp.FtpURLConnection.connect(Unknown Source)
	at sun.net.www.protocol.ftp.FtpURLConnection.getInputStream(Unknown Source)
	at com.sun.org.apache.xerces.internal.impl.XMLEntityManager.setupCurrentEntity(Unknown Source)
	at com.sun.org.apache.xerces.internal.impl.XMLVersionDetector.determineDocVersion(Unknown Source)
	at com.sun.org.apache.xerces.internal.parsers.XML11Configuration.parse(Unknown Source)
	at com.sun.org.apache.xerces.internal.parsers.XML11Configuration.parse(Unknown Source)
	at com.sun.org.apache.xerces.internal.parsers.XMLParser.parse(Unknown Source)
	at com.sun.org.apache.xerces.internal.parsers.AbstractSAXParser.parse(Unknown Source)
	at com.epam.nb.dao.impl.xml.XMLNoteBookDao.findAllNotesCommand(XMLNoteBookDao.java:25)
	... 3 more
11:57:28,275 ERROR main NoteBookController:doCommand:27 - NoteBookController - doCommand error
com.epam.nb.logic.LogicException: com.epam.nb.dao.DaoException: findAllNotesCommand XML error
	at com.epam.nb.logic.impl.FindAllNotesCommand.execute(FindAllNotesCommand.java:24)
	at com.epam.nb.controller.NoteBookController.doCommand(NoteBookController.java:21)
	at com.epam.nb.view.Main.main(Main.java:45)
Caused by: com.epam.nb.dao.DaoException: findAllNotesCommand XML error
	at com.epam.nb.dao.impl.xml.XMLNoteBookDao.findAllNotesCommand(XMLNoteBookDao.java:30)
	at com.epam.nb.logic.impl.FindAllNotesCommand.execute(FindAllNotesCommand.java:21)
	... 2 more
Caused by: java.io.FileNotFoundException: \NoteBookTumashchick\src\NoteBook.xml (The system cannot find the path specified)
	at java.io.FileInputStream.open0(Native Method)
	at java.io.FileInputStream.open(Unknown Source)
	at java.io.FileInputStream.<init>(Unknown Source)
	at java.io.FileInputStream.<init>(Unknown Source)
	at sun.net.www.protocol.file.FileURLConnection.connect(Unknown Source)
	at sun.net.www.protocol.file.FileURLConnection.getInputStream(Unknown Source)
	at com.sun.org.apache.xerces.internal.impl.XMLEntityManager.setupCurrentEntity(Unknown Source)
	at com.sun.org.apache.xerces.internal.impl.XMLVersionDetector.determineDocVersion(Unknown Source)
	at com.sun.org.apache.xerces.internal.parsers.XML11Configuration.parse(Unknown Source)
	at com.sun.org.apache.xerces.internal.parsers.XML11Configuration.parse(Unknown Source)
	at com.sun.org.apache.xerces.internal.parsers.XMLParser.parse(Unknown Source)
	at com.sun.org.apache.xerces.internal.parsers.AbstractSAXParser.parse(Unknown Source)
	at com.epam.nb.dao.impl.xml.XMLNoteBookDao.findAllNotesCommand(XMLNoteBookDao.java:25)
	... 3 more
11:57:47,232 ERROR main NoteBookController:doCommand:27 - NoteBookController - doCommand error
com.epam.nb.logic.LogicException: com.epam.nb.dao.DaoException: findAllNotesCommand XML error
	at com.epam.nb.logic.impl.FindAllNotesCommand.execute(FindAllNotesCommand.java:24)
	at com.epam.nb.controller.NoteBookController.doCommand(NoteBookController.java:21)
	at com.epam.nb.view.Main.main(Main.java:45)
Caused by: com.epam.nb.dao.DaoException: findAllNotesCommand XML error
	at com.epam.nb.dao.impl.xml.XMLNoteBookDao.findAllNotesCommand(XMLNoteBookDao.java:30)
	at com.epam.nb.logic.impl.FindAllNotesCommand.execute(FindAllNotesCommand.java:21)
	... 2 more
Caused by: java.net.UnknownHostException: NoteBookTumashchick
	at java.net.AbstractPlainSocketImpl.connect(Unknown Source)
	at java.net.PlainSocketImpl.connect(Unknown Source)
	at java.net.Socket.connect(Unknown Source)
	at java.net.Socket.connect(Unknown Source)
	at sun.net.ftp.impl.FtpClient.doConnect(Unknown Source)
	at sun.net.ftp.impl.FtpClient.tryConnect(Unknown Source)
	at sun.net.ftp.impl.FtpClient.connect(Unknown Source)
	at sun.net.ftp.impl.FtpClient.connect(Unknown Source)
	at sun.net.www.protocol.ftp.FtpURLConnection.connect(Unknown Source)
	at sun.net.www.protocol.ftp.FtpURLConnection.getInputStream(Unknown Source)
	at com.sun.org.apache.xerces.internal.impl.XMLEntityManager.setupCurrentEntity(Unknown Source)
	at com.sun.org.apache.xerces.internal.impl.XMLVersionDetector.determineDocVersion(Unknown Source)
	at com.sun.org.apache.xerces.internal.parsers.XML11Configuration.parse(Unknown Source)
	at com.sun.org.apache.xerces.internal.parsers.XML11Configuration.parse(Unknown Source)
	at com.sun.org.apache.xerces.internal.parsers.XMLParser.parse(Unknown Source)
	at com.sun.org.apache.xerces.internal.parsers.AbstractSAXParser.parse(Unknown Source)
	at com.epam.nb.dao.impl.xml.XMLNoteBookDao.findAllNotesCommand(XMLNoteBookDao.java:25)
	... 3 more
14:25:57,032 ERROR main NoteBookController:doCommand:27 - NoteBookController - doCommand error
com.epam.nb.logic.LogicException: com.epam.nb.dao.DaoException: findAllNotesCommand XML error
	at com.epam.nb.logic.impl.FindAllNotesCommand.execute(FindAllNotesCommand.java:24)
	at com.epam.nb.controller.NoteBookController.doCommand(NoteBookController.java:21)
	at com.epam.nb.view.Main.main(Main.java:45)
Caused by: com.epam.nb.dao.DaoException: findAllNotesCommand XML error
	at com.epam.nb.dao.impl.xml.XMLNoteBookDao.findAllNotesCommand(XMLNoteBookDao.java:34)
	at com.epam.nb.logic.impl.FindAllNotesCommand.execute(FindAllNotesCommand.java:21)
	... 2 more
Caused by: org.xml.sax.SAXNotRecognizedException: Feature 'http://xml.org/sax/features/namespaxes' is not recognized.
	at com.sun.org.apache.xerces.internal.parsers.AbstractSAXParser.setFeature(Unknown Source)
	at com.epam.nb.dao.impl.xml.XMLNoteBookDao.findAllNotesCommand(XMLNoteBookDao.java:25)
	... 3 more
15:20:46,833 ERROR main NoteBookController:doCommand:27 - NoteBookController - doCommand error
com.epam.nb.logic.LogicException: com.epam.nb.dao.DaoException: Create NoteBook Database error
	at com.epam.nb.logic.impl.CreateNewNoteBookCommand.execute(CreateNewNoteBookCommand.java:21)
	at com.epam.nb.controller.NoteBookController.doCommand(NoteBookController.java:21)
	at com.epam.nb.view.Main.main(Main.java:28)
Caused by: com.epam.nb.dao.DaoException: Create NoteBook Database error
	at com.epam.nb.dao.impl.db.DbNoteBookDao.createNoteBook(DbNoteBookDao.java:59)
	at com.epam.nb.logic.impl.CreateNewNoteBookCommand.execute(CreateNewNoteBookCommand.java:19)
	... 2 more
Caused by: java.sql.SQLException: table NoteBook already exists
	at org.sqlite.core.NativeDB.throwex(NativeDB.java:397)
	at org.sqlite.core.NativeDB._exec(Native Method)
	at org.sqlite.jdbc3.JDBC3Statement.executeUpdate(JDBC3Statement.java:116)
	at com.epam.nb.dao.impl.db.DbNoteBookDao.createNoteBook(DbNoteBookDao.java:56)
	... 3 more
15:22:04,829 ERROR main NoteBookController:doCommand:27 - NoteBookController - doCommand error
com.epam.nb.logic.LogicException: com.epam.nb.dao.DaoException: Create NoteBook Database error
	at com.epam.nb.logic.impl.CreateNewNoteBookCommand.execute(CreateNewNoteBookCommand.java:21)
	at com.epam.nb.controller.NoteBookController.doCommand(NoteBookController.java:21)
	at com.epam.nb.view.Main.main(Main.java:28)
Caused by: com.epam.nb.dao.DaoException: Create NoteBook Database error
	at com.epam.nb.dao.impl.db.DbNoteBookDao.createNoteBook(DbNoteBookDao.java:59)
	at com.epam.nb.logic.impl.CreateNewNoteBookCommand.execute(CreateNewNoteBookCommand.java:19)
	... 2 more
Caused by: java.sql.SQLException: table NoteBook already exists
	at org.sqlite.core.NativeDB.throwex(NativeDB.java:397)
	at org.sqlite.core.NativeDB._exec(Native Method)
	at org.sqlite.jdbc3.JDBC3Statement.executeUpdate(JDBC3Statement.java:116)
	at com.epam.nb.dao.impl.db.DbNoteBookDao.createNoteBook(DbNoteBookDao.java:56)
	... 3 more
